Arguments: 
  /snap/node/5485/bin/node /snap/node/5485/bin/yarn.js config get registry

PATH: 
  /home/giovaneag/Documents/workspace/react-course/node_modules/.bin:/home/giovaneag/Documents/workspace/node_modules/.bin:/home/giovaneag/Documents/node_modules/.bin:/home/giovaneag/node_modules/.bin:/home/node_modules/.bin:/node_modules/.bin:/usr/local/lib/node_modules/npm/node_modules/@npmcli/run-script/lib/node-gyp-bin:/home/giovaneag/.npm/_npx/c67e74de0542c87c/node_modules/.bin:/usr/local/sbin:/usr/local/bin:/usr/sbin:/usr/bin:/sbin:/bin:/usr/games:/usr/local/games:/snap/bin

Yarn version: 
  1.22.15

Node version: 
  14.18.1

Platform: 
  linux x64

Trace: 
  Error: EACCES: permission denied, write
      at writeSync (fs.js:736:3)
      at SyncWriteStream._write (internal/fs/sync_write_stream.js:24:3)
      at writeOrBuffer (internal/streams/writable.js:358:12)
      at SyncWriteStream.Writable.write (internal/streams/writable.js:303:10)
      at ConsoleReporter._log (/snap/node/5485/lib/cli.js:96906:17)
      at ConsoleReporter.log (/snap/node/5485/lib/cli.js:96894:10)
      at get (/snap/node/5485/lib/cli.js:87579:14)
      at Object.<anonymous> (/snap/node/5485/lib/cli.js:25983:25)
      at Generator.next (<anonymous>)
      at step (/snap/node/5485/lib/cli.js:310:30)

npm manifest: 
  {
    "name": "react-course",
    "version": "0.1.0",
    "private": true
  }

yarn manifest: 
  No manifest

Lockfile: 
  No lockfile
